# Misc fixes when using the LLVM toolchain by default

#[START] Compile issues (general clang)
# ‘-fcf-protection’ is not compatible with this target
sys-devel/gcc gcc
# gets stuck on "checking whether compiler driver understands Ada and is recent enough..."
# and does a funny little thing where it keeps spawning processes
# like a fork bomb when using clang via clang-toolchain-symlinks[gcc-symlinks]
dev-debug/gdb gcc
dev-util/mingw64-toolchain gcc
sys-devel/binutils gcc
sys-libs/binutils-libs gcc
# forces gcc internally anyways
sys-libs/glibc gcc
# -flto-partitions even without lto
sys-apps/apparmor gcc
# is gcc compiled bin. fails without gcc
sys-kernel/gentoo-kernel-bin gcc
# forces gcc
# "clang doesn't support indirect goto in function with no address-of-label expressions"
sys-apps/memtest86+ gcc
# runtime symbol lookup error: /usr/lib64/libopenmpt.so.0: undefined symbol: __muldc3
# sth in compiler-rt
media-libs/libopenmpt gcc
# sth goes very wrong here with some make targets not existing when using clang
net-analyzer/nmap gcc
#[END] Compile issues (general clang)

#[START] Compile issues (latest clang)
# bpfinterp.cxx:1088:18: error: case value is not a constant expression
dev-debug/systemtap clang-20
# use of undeclared identifier '__builtin_ia32_vcvtph2ps256'
# also needs <=libcxx-21
dev-qt/qtwebengine clang-21
# link-time version mismatch (mostly for Rust)
sys-apps/lact clang-21
# needs to match LLVM_SLOT
dev-python/pyside clang-21
#[END] Compile issues (latest clang)

#[START] Compile issues (libc++)
# _Atomic cannot be applied to type 'std::shared_ptr
# https://github.com/ValveSoftware/gamescope/issues/1509
gui-wm/gamescope libstdcpp
# implicit instantiation of undefined template 'std::char_traits<unsigned char>'
dev-libs/intel-compute-runtime libstdcpp
# using namespace __gnu_cxx
dev-debug/systemtap libstdcpp
#[END] Compile issues (libc++)

#[START] Linker issues
# mold does not support `-b binary`
gui-libs/gtk no-mold
# -b binary -> no mold; -m type missing -> no lld
media-video/makemkv ld-bfd
# failed to load plugin : /usr/bin/ld.mold: undefined symbol: onload
games-emulation/snes9x no-mold
llvm-core/lldb no-mold
# segfaults mold or sth
net-im/telegram-desktop no-mold
# forces bfd
app-emulation/wine-vanilla ld-bfd
# ld.lld: error: version script assignment of * to symbol * failed: symbol not defined
dev-java/openjdk:21 ld-allow-undefined-version
dev-libs/opencl-clang:15 ld-allow-undefined-version
dev-libs/opencl-clang:16 ld-allow-undefined-version
llvm-core/llvm:15 ld-allow-undefined-version
net-firewall/ipset ld-allow-undefined-version
net-fs/samba ld-allow-undefined-version
net-libs/libtirpc ld-allow-undefined-version
sys-libs/libfaketime ld-allow-undefined-version
sys-libs/talloc ld-allow-undefined-version
sys-libs/tdb ld-allow-undefined-version
sys-libs/tevent ld-allow-undefined-version
#[END] Linker issues

#[START] Compile issues (polly)
# configure fails, no std::unique_ptr
dev-build/cmake no-polly
# link undefined symbols
media-libs/openal no-polly
# inlining fails when system doesn't support avx512
media-libs/svt-av1 no-polly
# Unknown command line argument
# clang -fplugin acts weird on ASM files
# should be fixed in 19 or not idk
app-admin/goldwarden no-polly
app-containers/podman no-polly
app-shells/fzf no-polly
app-shells/starship no-polly
dev-go/lichen no-polly
dev-java/openjdk no-polly
dev-lang/python no-polly
dev-libs/blake3 no-polly
dev-libs/openssl no-polly
dev-libs/rocm-device-libs no-polly
dev-python/numpy no-polly
dev-util/android-tools no-polly
dev-util/intel_clc no-polly
dev-util/maturin no-polly
games-emulation/melonds no-polly
gui-wm/gamescope no-polly
llvm-core/llvm no-polly
llvm-runtimes/compiler-rt no-polly
llvm-runtimes/compiler-rt-sanitizers no-polly
llvm-runtimes/openmp no-polly
media-libs/mesa no-polly
net-dns/dnsproxy no-polly
net-libs/gnutls no-polly
net-libs/nodejs no-polly
sys-fs/btrfs-progs no-polly
sys-kernel/scx no-polly
x11-terms/wezterm no-polly
#[END] Compile issues (polly)

#[START] LTO Issues
# ld.lld: error: inconsistent LTO Unit splitting
media-gfx/darktable no-lto
# seems to fail during linking for some reason but USE=lto works
# https://bugs.gentoo.org/964380
# https://github.com/rust-lang/rust/issues/147902
dev-lang/rust no-lto
# *crazy* RAM hungry with LTO, to a degree that crashes ld.lld
# but only since 22.1.0_rc1
llvm-core/flang no-lto
#[END] LTO Issues

#[START] Strict warnings
app-laptop/framework-laptop-kmod no-strict-warn
dev-util/intel-graphics-compiler no-strict-warn
dev-util/mesa_clc no-strict-warn
net-libs/webkit-gtk no-strict-warn
sys-apps/flatpak no-strict-warn
#[END] Strict warnings

#[START] misc
# required so plasmashell works at all...
llvm-runtimes/libcxx libcxx-typeinfo
llvm-runtimes/libcxxabi libcxx-typeinfo
# LDSHARED doesn't get set automatically it seems...
dev-lang/pypy pypy-linker_so
# expects GNU objcopy in PATH
# /usr/lib/llvm/21/bin/objcopy: error: invalid output format: 'efi-app-x86_64'
sys-apps/fwupd-efi no-prepend-llvm-path
#[END] misc
